2018-01-01 13:50:57,198 [Worker-5] INFO  c.g.t.t.d.PublishedGradleVersions - Gradle version information cache is up-to-date. Trying to read.
2018-01-01 14:03:45,222 [Worker-24] INFO  o.e.m.c.i.p.ProjectConfigurationManager - Collecting project info '/pom.xml' C:\Apps\pMyDataStoragee\ALL_Workspace_Practice\TwitterPractice\TwitterApiPractice\pom.xml
2018-01-01 14:03:47,361 [Worker-24] INFO  o.e.m.c.i.l.LifecycleMappingFactory - Using org.maven.ide.eclipse.wtp.WarLifecycleMapping lifecycle mapping for MavenProject: com.org.sandeep:TwitterApiPractice:0.0.1-SNAPSHOT @ C:\Apps\pMyDataStoragee\ALL_Workspace_Practice\TwitterPractice\TwitterApiPractice\pom.xml.
2018-01-01 14:03:48,913 [Worker-24] INFO  o.e.m.j.i.AbstractJavaProjectConfigurator - Adding source folder /TwitterApiPractice/src/main/java
2018-01-01 14:03:48,914 [Worker-24] INFO  o.e.m.j.i.AbstractJavaProjectConfigurator - Adding resource folder /TwitterApiPractice/src/main/resources
2018-01-01 14:03:48,915 [Worker-24] INFO  o.e.m.j.i.AbstractJavaProjectConfigurator - Adding source folder /TwitterApiPractice/src/test/java
2018-01-01 14:03:53,518 [Worker-24] INFO  o.e.m.c.i.p.ProjectConfigurationManager - Imported and configured 1 project(s) in 8 sec
2018-01-01 14:03:54,307 [Worker-29] WARN  o.e.m.c.i.embedder.EclipseLogger - Using platform encoding (Cp1252 actually) to copy filtered resources, i.e. build is platform dependent!
2018-01-01 14:03:54,319 [Worker-29] INFO  o.e.m.c.i.embedder.EclipseLogger - Copying 0 resource
2018-01-01 14:03:54,325 [Worker-29] WARN  o.e.m.c.i.embedder.EclipseLogger - Using platform encoding (Cp1252 actually) to copy filtered resources, i.e. build is platform dependent!
2018-01-01 14:03:54,329 [Worker-29] INFO  o.e.m.c.i.embedder.EclipseLogger - skip non existing resourceDirectory C:\Apps\pMyDataStoragee\ALL_Workspace_Practice\TwitterPractice\TwitterApiPractice\src\test\resources
2018-01-01 14:04:27,587 [Worker-29] INFO  o.e.m.c.i.l.LifecycleMappingFactory - Using org.maven.ide.eclipse.wtp.WarLifecycleMapping lifecycle mapping for MavenProject: com.org.sandeep:TwitterApiPractice:0.0.1-SNAPSHOT @ C:\Apps\pMyDataStoragee\ALL_Workspace_Practice\TwitterPractice\TwitterApiPractice\pom.xml.
2018-01-01 14:04:29,885 [Worker-29] WARN  o.e.m.c.i.embedder.EclipseLogger - Using platform encoding (Cp1252 actually) to copy filtered resources, i.e. build is platform dependent!
2018-01-01 14:04:29,890 [Worker-29] INFO  o.e.m.c.i.embedder.EclipseLogger - Copying 0 resource
2018-01-01 14:04:29,893 [Worker-29] WARN  o.e.m.c.i.embedder.EclipseLogger - Using platform encoding (Cp1252 actually) to copy filtered resources, i.e. build is platform dependent!
2018-01-01 14:04:29,895 [Worker-29] INFO  o.e.m.c.i.embedder.EclipseLogger - skip non existing resourceDirectory C:\Apps\pMyDataStoragee\ALL_Workspace_Practice\TwitterPractice\TwitterApiPractice\src\test\resources
2018-01-01 14:04:29,896 [Worker-29] INFO  o.e.m.w.i.f.ResourceFilteringBuildParticipant - Changed resources require a complete clean of filtered resources of TwitterApiPractice
2018-01-01 14:04:29,900 [Worker-29] INFO  o.e.m.w.i.f.ResourceFilteringBuildParticipant - Executing resource filtering for TwitterApiPractice
2018-01-01 14:04:29,906 [Worker-29] WARN  o.e.m.c.i.embedder.EclipseLogger - Using platform encoding (Cp1252 actually) to copy filtered resources, i.e. build is platform dependent!
2018-01-01 14:04:31,437 [Worker-26] WARN  o.e.m.c.i.embedder.EclipseLogger - Using platform encoding (Cp1252 actually) to copy filtered resources, i.e. build is platform dependent!
2018-01-01 14:04:31,440 [Worker-26] INFO  o.e.m.c.i.embedder.EclipseLogger - Copying 0 resource
2018-01-01 14:04:31,442 [Worker-26] WARN  o.e.m.c.i.embedder.EclipseLogger - Using platform encoding (Cp1252 actually) to copy filtered resources, i.e. build is platform dependent!
2018-01-01 14:04:31,445 [Worker-26] INFO  o.e.m.c.i.embedder.EclipseLogger - skip non existing resourceDirectory C:\Apps\pMyDataStoragee\ALL_Workspace_Practice\TwitterPractice\TwitterApiPractice\src\test\resources
2018-01-01 14:06:00,157 [Worker-27] WARN  o.e.m.c.i.embedder.EclipseLogger - Using platform encoding (Cp1252 actually) to copy filtered resources, i.e. build is platform dependent!
2018-01-01 14:06:00,168 [Worker-27] INFO  o.e.m.c.i.embedder.EclipseLogger - Copying 0 resource
2018-01-01 14:06:00,170 [Worker-27] WARN  o.e.m.c.i.embedder.EclipseLogger - Using platform encoding (Cp1252 actually) to copy filtered resources, i.e. build is platform dependent!
2018-01-01 14:06:00,174 [Worker-27] INFO  o.e.m.c.i.embedder.EclipseLogger - skip non existing resourceDirectory C:\Apps\pMyDataStoragee\ALL_Workspace_Practice\TwitterPractice\TwitterApiPractice\src\test\resources
2018-01-01 14:06:04,955 [Worker-26] WARN  o.e.m.c.i.embedder.EclipseLogger - Using platform encoding (Cp1252 actually) to copy filtered resources, i.e. build is platform dependent!
2018-01-01 14:06:04,963 [Worker-26] INFO  o.e.m.c.i.embedder.EclipseLogger - Copying 1 resource
2018-01-01 14:06:04,989 [Worker-26] WARN  o.e.m.c.i.embedder.EclipseLogger - Using platform encoding (Cp1252 actually) to copy filtered resources, i.e. build is platform dependent!
2018-01-01 14:06:04,993 [Worker-26] INFO  o.e.m.c.i.embedder.EclipseLogger - skip non existing resourceDirectory C:\Apps\pMyDataStoragee\ALL_Workspace_Practice\TwitterPractice\TwitterApiPractice\src\test\resources
2018-01-01 14:06:22,124 [Worker-30] WARN  o.e.m.c.i.embedder.EclipseLogger - Using platform encoding (Cp1252 actually) to copy filtered resources, i.e. build is platform dependent!
2018-01-01 14:06:22,129 [Worker-30] INFO  o.e.m.c.i.embedder.EclipseLogger - Copying 1 resource
2018-01-01 14:06:22,140 [Worker-30] WARN  o.e.m.c.i.embedder.EclipseLogger - Using platform encoding (Cp1252 actually) to copy filtered resources, i.e. build is platform dependent!
2018-01-01 14:06:22,144 [Worker-30] INFO  o.e.m.c.i.embedder.EclipseLogger - skip non existing resourceDirectory C:\Apps\pMyDataStoragee\ALL_Workspace_Practice\TwitterPractice\TwitterApiPractice\src\test\resources
2018-01-01 14:06:47,632 [Worker-28] INFO  o.e.m.c.i.p.ProjectConfigurationManager - Update started
2018-01-01 14:06:48,660 [Worker-28] INFO  o.e.m.c.i.l.LifecycleMappingFactory - Using org.maven.ide.eclipse.wtp.WarLifecycleMapping lifecycle mapping for MavenProject: com.org.sandeep:TwitterApiPractice:0.0.1-SNAPSHOT @ C:\Apps\pMyDataStoragee\ALL_Workspace_Practice\TwitterPractice\TwitterApiPractice\pom.xml.
2018-01-01 14:06:50,768 [Worker-28] INFO  o.e.m.j.i.AbstractJavaProjectConfigurator - Adding source folder /TwitterApiPractice/src/main/java
2018-01-01 14:06:50,769 [Worker-28] INFO  o.e.m.j.i.AbstractJavaProjectConfigurator - Adding resource folder /TwitterApiPractice/src/main/resources
2018-01-01 14:06:50,769 [Worker-28] INFO  o.e.m.j.i.AbstractJavaProjectConfigurator - Adding source folder /TwitterApiPractice/src/test/java
2018-01-01 14:06:54,548 [Worker-28] INFO  o.e.m.w.i.f.ResourceFilteringBuildParticipant - Cleaning filtered folder for TwitterApiPractice
2018-01-01 14:06:54,582 [Worker-28] INFO  o.e.m.c.i.p.ProjectConfigurationManager - Update completed: 6 sec
2018-01-01 14:06:54,792 [Worker-27] WARN  o.e.m.c.i.embedder.EclipseLogger - Using platform encoding (Cp1252 actually) to copy filtered resources, i.e. build is platform dependent!
2018-01-01 14:06:54,796 [Worker-27] INFO  o.e.m.c.i.embedder.EclipseLogger - Copying 1 resource
2018-01-01 14:06:54,823 [Worker-27] WARN  o.e.m.c.i.embedder.EclipseLogger - Using platform encoding (Cp1252 actually) to copy filtered resources, i.e. build is platform dependent!
2018-01-01 14:06:54,827 [Worker-27] INFO  o.e.m.c.i.embedder.EclipseLogger - skip non existing resourceDirectory C:\Apps\pMyDataStoragee\ALL_Workspace_Practice\TwitterPractice\TwitterApiPractice\src\test\resources
2018-01-01 14:06:54,827 [Worker-27] INFO  o.e.m.w.i.f.ResourceFilteringBuildParticipant - Changed resources require a complete clean of filtered resources of TwitterApiPractice
2018-01-01 14:06:54,828 [Worker-27] INFO  o.e.m.w.i.f.ResourceFilteringBuildParticipant - Executing resource filtering for TwitterApiPractice
2018-01-01 14:06:54,837 [Worker-27] WARN  o.e.m.c.i.embedder.EclipseLogger - Using platform encoding (Cp1252 actually) to copy filtered resources, i.e. build is platform dependent!
2018-01-01 14:06:55,218 [Worker-32] WARN  o.e.m.c.i.embedder.EclipseLogger - Using platform encoding (Cp1252 actually) to copy filtered resources, i.e. build is platform dependent!
2018-01-01 14:06:55,229 [Worker-32] INFO  o.e.m.c.i.embedder.EclipseLogger - Copying 0 resource
2018-01-01 14:06:55,234 [Worker-32] WARN  o.e.m.c.i.embedder.EclipseLogger - Using platform encoding (Cp1252 actually) to copy filtered resources, i.e. build is platform dependent!
2018-01-01 14:06:55,241 [Worker-32] INFO  o.e.m.c.i.embedder.EclipseLogger - skip non existing resourceDirectory C:\Apps\pMyDataStoragee\ALL_Workspace_Practice\TwitterPractice\TwitterApiPractice\src\test\resources
2018-01-01 14:07:27,065 [Worker-25] WARN  o.e.m.c.i.embedder.EclipseLogger - Using platform encoding (Cp1252 actually) to copy filtered resources, i.e. build is platform dependent!
2018-01-01 14:07:27,073 [Worker-25] INFO  o.e.m.c.i.embedder.EclipseLogger - Copying 1 resource
2018-01-01 14:07:27,079 [Worker-25] WARN  o.e.m.c.i.embedder.EclipseLogger - Using platform encoding (Cp1252 actually) to copy filtered resources, i.e. build is platform dependent!
2018-01-01 14:07:27,083 [Worker-25] INFO  o.e.m.c.i.embedder.EclipseLogger - skip non existing resourceDirectory C:\Apps\pMyDataStoragee\ALL_Workspace_Practice\TwitterPractice\TwitterApiPractice\src\test\resources
2018-01-01 14:07:42,964 [Worker-27] WARN  o.e.m.c.i.embedder.EclipseLogger - Using platform encoding (Cp1252 actually) to copy filtered resources, i.e. build is platform dependent!
2018-01-01 14:07:42,974 [Worker-27] INFO  o.e.m.c.i.embedder.EclipseLogger - Copying 1 resource
2018-01-01 14:07:42,977 [Worker-27] WARN  o.e.m.c.i.embedder.EclipseLogger - Using platform encoding (Cp1252 actually) to copy filtered resources, i.e. build is platform dependent!
2018-01-01 14:07:42,981 [Worker-27] INFO  o.e.m.c.i.embedder.EclipseLogger - skip non existing resourceDirectory C:\Apps\pMyDataStoragee\ALL_Workspace_Practice\TwitterPractice\TwitterApiPractice\src\test\resources
2018-01-01 14:16:51,445 [Worker-32] WARN  o.e.m.c.i.embedder.EclipseLogger - Using platform encoding (Cp1252 actually) to copy filtered resources, i.e. build is platform dependent!
2018-01-01 14:16:51,456 [Worker-32] INFO  o.e.m.c.i.embedder.EclipseLogger - Copying 1 resource
2018-01-01 14:16:51,462 [Worker-32] WARN  o.e.m.c.i.embedder.EclipseLogger - Using platform encoding (Cp1252 actually) to copy filtered resources, i.e. build is platform dependent!
2018-01-01 14:16:51,466 [Worker-32] INFO  o.e.m.c.i.embedder.EclipseLogger - skip non existing resourceDirectory C:\Apps\pMyDataStoragee\ALL_Workspace_Practice\TwitterPractice\TwitterApiPractice\src\test\resources
2018-01-01 14:17:14,892 [Worker-36] WARN  o.e.m.c.i.embedder.EclipseLogger - Using platform encoding (Cp1252 actually) to copy filtered resources, i.e. build is platform dependent!
2018-01-01 14:17:14,903 [Worker-36] INFO  o.e.m.c.i.embedder.EclipseLogger - Copying 1 resource
2018-01-01 14:17:14,906 [Worker-36] WARN  o.e.m.c.i.embedder.EclipseLogger - Using platform encoding (Cp1252 actually) to copy filtered resources, i.e. build is platform dependent!
2018-01-01 14:17:14,910 [Worker-36] INFO  o.e.m.c.i.embedder.EclipseLogger - skip non existing resourceDirectory C:\Apps\pMyDataStoragee\ALL_Workspace_Practice\TwitterPractice\TwitterApiPractice\src\test\resources
2018-01-01 14:18:26,498 [Worker-32] WARN  o.e.m.c.i.embedder.EclipseLogger - Using platform encoding (Cp1252 actually) to copy filtered resources, i.e. build is platform dependent!
2018-01-01 14:18:26,504 [Worker-32] INFO  o.e.m.c.i.embedder.EclipseLogger - Copying 1 resource
2018-01-01 14:18:26,513 [Worker-32] WARN  o.e.m.c.i.embedder.EclipseLogger - Using platform encoding (Cp1252 actually) to copy filtered resources, i.e. build is platform dependent!
2018-01-01 14:18:26,516 [Worker-32] INFO  o.e.m.c.i.embedder.EclipseLogger - skip non existing resourceDirectory C:\Apps\pMyDataStoragee\ALL_Workspace_Practice\TwitterPractice\TwitterApiPractice\src\test\resources
2018-01-01 14:18:27,812 [Worker-33] WARN  o.e.m.c.i.embedder.EclipseLogger - Using platform encoding (Cp1252 actually) to copy filtered resources, i.e. build is platform dependent!
2018-01-01 14:18:27,816 [Worker-33] INFO  o.e.m.c.i.embedder.EclipseLogger - Copying 0 resource
2018-01-01 14:18:27,821 [Worker-33] WARN  o.e.m.c.i.embedder.EclipseLogger - Using platform encoding (Cp1252 actually) to copy filtered resources, i.e. build is platform dependent!
2018-01-01 14:18:27,825 [Worker-33] INFO  o.e.m.c.i.embedder.EclipseLogger - skip non existing resourceDirectory C:\Apps\pMyDataStoragee\ALL_Workspace_Practice\TwitterPractice\TwitterApiPractice\src\test\resources
2018-01-01 14:25:37,475 [Worker-39] WARN  o.e.m.c.i.embedder.EclipseLogger - Using platform encoding (Cp1252 actually) to copy filtered resources, i.e. build is platform dependent!
2018-01-01 14:25:37,480 [Worker-39] INFO  o.e.m.c.i.embedder.EclipseLogger - Copying 1 resource
2018-01-01 14:25:37,489 [Worker-39] WARN  o.e.m.c.i.embedder.EclipseLogger - Using platform encoding (Cp1252 actually) to copy filtered resources, i.e. build is platform dependent!
2018-01-01 14:25:37,494 [Worker-39] INFO  o.e.m.c.i.embedder.EclipseLogger - skip non existing resourceDirectory C:\Apps\pMyDataStoragee\ALL_Workspace_Practice\TwitterPractice\TwitterApiPractice\src\test\resources
2018-01-01 14:28:30,525 [Worker-47] WARN  o.e.m.c.i.embedder.EclipseLogger - Using platform encoding (Cp1252 actually) to copy filtered resources, i.e. build is platform dependent!
2018-01-01 14:28:30,530 [Worker-47] INFO  o.e.m.c.i.embedder.EclipseLogger - Copying 1 resource
2018-01-01 14:28:30,541 [Worker-47] WARN  o.e.m.c.i.embedder.EclipseLogger - Using platform encoding (Cp1252 actually) to copy filtered resources, i.e. build is platform dependent!
2018-01-01 14:28:30,545 [Worker-47] INFO  o.e.m.c.i.embedder.EclipseLogger - skip non existing resourceDirectory C:\Apps\pMyDataStoragee\ALL_Workspace_Practice\TwitterPractice\TwitterApiPractice\src\test\resources
2018-01-01 14:28:53,237 [Worker-42] WARN  o.e.m.c.i.embedder.EclipseLogger - Using platform encoding (Cp1252 actually) to copy filtered resources, i.e. build is platform dependent!
2018-01-01 14:28:53,242 [Worker-42] INFO  o.e.m.c.i.embedder.EclipseLogger - Copying 1 resource
2018-01-01 14:28:53,246 [Worker-42] WARN  o.e.m.c.i.embedder.EclipseLogger - Using platform encoding (Cp1252 actually) to copy filtered resources, i.e. build is platform dependent!
2018-01-01 14:28:53,250 [Worker-42] INFO  o.e.m.c.i.embedder.EclipseLogger - skip non existing resourceDirectory C:\Apps\pMyDataStoragee\ALL_Workspace_Practice\TwitterPractice\TwitterApiPractice\src\test\resources
2018-01-01 14:29:32,199 [Worker-46] WARN  o.e.m.c.i.embedder.EclipseLogger - Using platform encoding (Cp1252 actually) to copy filtered resources, i.e. build is platform dependent!
2018-01-01 14:29:32,204 [Worker-46] INFO  o.e.m.c.i.embedder.EclipseLogger - Copying 1 resource
2018-01-01 14:29:32,213 [Worker-46] WARN  o.e.m.c.i.embedder.EclipseLogger - Using platform encoding (Cp1252 actually) to copy filtered resources, i.e. build is platform dependent!
2018-01-01 14:29:32,216 [Worker-46] INFO  o.e.m.c.i.embedder.EclipseLogger - skip non existing resourceDirectory C:\Apps\pMyDataStoragee\ALL_Workspace_Practice\TwitterPractice\TwitterApiPractice\src\test\resources
2018-01-01 14:29:36,514 [Worker-44] WARN  o.e.m.c.i.embedder.EclipseLogger - Using platform encoding (Cp1252 actually) to copy filtered resources, i.e. build is platform dependent!
2018-01-01 14:29:36,520 [Worker-44] INFO  o.e.m.c.i.embedder.EclipseLogger - Copying 1 resource
2018-01-01 14:29:36,524 [Worker-44] WARN  o.e.m.c.i.embedder.EclipseLogger - Using platform encoding (Cp1252 actually) to copy filtered resources, i.e. build is platform dependent!
2018-01-01 14:29:36,529 [Worker-44] INFO  o.e.m.c.i.embedder.EclipseLogger - skip non existing resourceDirectory C:\Apps\pMyDataStoragee\ALL_Workspace_Practice\TwitterPractice\TwitterApiPractice\src\test\resources
